<?xml version="1.0" encoding="UTF-8"?>
<!-- Generated by org.testng.reporters.JUnitReportReporter -->
<testsuite hostname="LAPTOP-57V6MNKT" failures="0" tests="1" name="project1.NewTest" time="0.015" errors="0" timestamp="2024-05-23T09:05:13 IST" skipped="0">
  <testcase classname="project1.NewTest" name="f" time="0.015"/>
</testsuite> <!-- project1.NewTest -->
