<?xml version="1.0" encoding="UTF-8"?>
<!-- Generated by org.testng.reporters.JUnitReportReporter -->
<testsuite hostname="LAPTOP-57V6MNKT" failures="0" tests="2" name="com.crm.Profile.register" time="2.591" errors="0" timestamp="2024-05-28T09:30:47 IST" skipped="0">
  <testcase classname="com.crm.Profile.register" name="registerUser" time="1.431"/>
  <testcase classname="com.crm.Profile.register" name="loginUser" time="1.160"/>
</testsuite> <!-- com.crm.Profile.register -->
